[0.177s] Invoking command in '/home/chelse/ros2_ws/build/rob599_hw2_msgs': CMAKE_PREFIX_PATH=${CMAKE_PREFIX_PATH}:/opt/ros/humble:/home/chelse/ros2_ws/install/rob599_basic /usr/bin/cmake --build /home/chelse/ros2_ws/build/rob599_hw2_msgs -- -j12 -l12
[0.199s] -- Found ament_cmake: 1.3.7 (/opt/ros/humble/share/ament_cmake/cmake)
[0.420s] -- Found rosidl_default_generators: 1.2.0 (/opt/ros/humble/share/rosidl_default_generators/cmake)
[0.422s] -- Using all available rosidl_typesupport_c: rosidl_typesupport_fastrtps_c;rosidl_typesupport_introspection_c
[0.425s] -- Found rosidl_adapter: 3.1.5 (/opt/ros/humble/share/rosidl_adapter/cmake)
[0.454s] -- Using all available rosidl_typesupport_cpp: rosidl_typesupport_fastrtps_cpp;rosidl_typesupport_introspection_cpp
[0.649s] [31mCMake Error at /opt/ros/humble/share/rosidl_adapter/cmake/rosidl_adapt_interfaces.cmake:59 (message):
[0.649s]   execute_process(/usr/bin/python3.10 -m rosidl_adapter --package-name
[0.649s]   rob599_hw2_msgs --arguments-file
[0.650s]   /home/chelse/ros2_ws/build/rob599_hw2_msgs/rosidl_adapter__arguments__rob599_hw2_msgs.json
[0.650s]   --output-dir
[0.650s]   /home/chelse/ros2_ws/build/rob599_hw2_msgs/rosidl_adapter/rob599_hw2_msgs
[0.650s]   --output-file
[0.650s]   /home/chelse/ros2_ws/build/rob599_hw2_msgs/rosidl_adapter/rob599_hw2_msgs.idls)
[0.650s]   returned error code 1:
[0.650s] 
[0.651s]   Traceback (most recent call last):
[0.651s] 
[0.651s]     File "/usr/lib/python3.10/runpy.py", line 196, in _run_module_as_main
[0.651s]       return _run_code(code, main_globals, None,
[0.651s]     File "/usr/lib/python3.10/runpy.py", line 86, in _run_code
[0.651s]       exec(code, run_globals)
[0.651s]     File "/opt/ros/humble/local/lib/python3.10/dist-packages/rosidl_adapter/__main__.py", line 19, in <module>
[0.651s]       sys.exit(main())
[0.651s]     File "/opt/ros/humble/local/lib/python3.10/dist-packages/rosidl_adapter/main.py", line 53, in main
[0.651s]       abs_idl_file = convert_to_idl(
[0.651s]     File "/opt/ros/humble/local/lib/python3.10/dist-packages/rosidl_adapter/__init__.py", line 29, in convert_to_idl
[0.652s]       return convert_action_to_idl(
[0.652s]     File "/opt/ros/humble/local/lib/python3.10/dist-packages/rosidl_adapter/action/__init__.py", line 28, in convert_action_to_idl
[0.652s]       action = parse_action_string(package_name, input_file.stem, content)
[0.652s]     File "/opt/ros/humble/local/lib/python3.10/dist-packages/rosidl_adapter/parser.py", line 894, in parse_action_string
[0.652s]       raise InvalidActionSpecification(
[0.652s] 
[0.652s]   rosidl_adapter.parser.InvalidActionSpecification: Number of '---'
[0.652s]   separators nonconformant with action definition
[0.652s] 
[0.652s] Call Stack (most recent call first):
[0.652s]   /opt/ros/humble/share/rosidl_cmake/cmake/rosidl_generate_interfaces.cmake:130 (rosidl_adapt_interfaces)
[0.652s]   CMakeLists.txt:15 (rosidl_generate_interfaces)
[0.652s] 
[0.652s] [0m
[0.653s] -- Configuring incomplete, errors occurred!
[0.653s] See also "/home/chelse/ros2_ws/build/rob599_hw2_msgs/CMakeFiles/CMakeOutput.log".
[0.654s] gmake: *** [Makefile:747: cmake_check_build_system] Error 1
[0.656s] Invoked command in '/home/chelse/ros2_ws/build/rob599_hw2_msgs' returned '2': CMAKE_PREFIX_PATH=${CMAKE_PREFIX_PATH}:/opt/ros/humble:/home/chelse/ros2_ws/install/rob599_basic /usr/bin/cmake --build /home/chelse/ros2_ws/build/rob599_hw2_msgs -- -j12 -l12
