[0.059s] Invoking command in '/home/chelse/ros2_ws/build/rob599_hw2_msgs': /usr/bin/cmake --build /home/chelse/ros2_ws/build/rob599_hw2_msgs -- -j12 -l12
[0.102s] -- Found ament_cmake: 1.3.7 (/opt/ros/humble/share/ament_cmake/cmake)
[0.295s] Traceback (most recent call last):
[0.295s]   File "/opt/ros/humble/share/ament_cmake_core/cmake/package_templates/templates_2_cmake.py", line 21, in <module>
[0.296s]     from ament_package.templates import get_environment_hook_template_path
[0.296s] ModuleNotFoundError: No module named 'ament_package'
[0.306s] [31mCMake Error at /opt/ros/humble/share/ament_cmake_core/cmake/ament_cmake_package_templates-extras.cmake:41 (message):
[0.306s]   execute_process(/usr/bin/python3.10
[0.306s]   /opt/ros/humble/share/ament_cmake_core/cmake/package_templates/templates_2_cmake.py
[0.306s]   /home/chelse/ros2_ws/build/rob599_hw2_msgs/ament_cmake_package_templates/templates.cmake)
[0.306s]   returned error code 1
[0.306s] Call Stack (most recent call first):
[0.306s]   /opt/ros/humble/share/ament_cmake_core/cmake/ament_cmake_coreConfig.cmake:41 (include)
[0.306s]   /opt/ros/humble/share/ament_cmake/cmake/ament_cmake_export_dependencies-extras.cmake:15 (find_package)
[0.306s]   /opt/ros/humble/share/ament_cmake/cmake/ament_cmakeConfig.cmake:41 (include)
[0.306s]   CMakeLists.txt:9 (find_package)
[0.306s] 
[0.306s] [0m
[0.306s] -- Configuring incomplete, errors occurred!
[0.307s] See also "/home/chelse/ros2_ws/build/rob599_hw2_msgs/CMakeFiles/CMakeOutput.log".
[0.308s] gmake: *** [Makefile:963: cmake_check_build_system] Error 1
[0.310s] Invoked command in '/home/chelse/ros2_ws/build/rob599_hw2_msgs' returned '2': /usr/bin/cmake --build /home/chelse/ros2_ws/build/rob599_hw2_msgs -- -j12 -l12
