[0.414s] Invoking command in '/home/chelse/ros2_ws/build/rob599_hw2_msgs': CMAKE_PREFIX_PATH=${CMAKE_PREFIX_PATH}:/opt/ros/humble:/home/chelse/ros2_ws/install/rob599_basic /usr/bin/cmake --build /home/chelse/ros2_ws/build/rob599_hw2_msgs -- -j12 -l12
[0.434s] -- Found ament_cmake: 1.3.7 (/opt/ros/humble/share/ament_cmake/cmake)
[0.629s] -- Found rosidl_default_generators: 1.2.0 (/opt/ros/humble/share/rosidl_default_generators/cmake)
[0.631s] -- Using all available rosidl_typesupport_c: rosidl_typesupport_fastrtps_c;rosidl_typesupport_introspection_c
[0.634s] -- Found rosidl_adapter: 3.1.5 (/opt/ros/humble/share/rosidl_adapter/cmake)
[0.677s] -- Using all available rosidl_typesupport_cpp: rosidl_typesupport_fastrtps_cpp;rosidl_typesupport_introspection_cpp
[0.871s] [31mCMake Error at /opt/ros/humble/share/rosidl_adapter/cmake/rosidl_adapt_interfaces.cmake:59 (message):
[0.871s]   execute_process(/usr/bin/python3.10 -m rosidl_adapter --package-name
[0.871s]   rob599_hw2_msgs --arguments-file
[0.872s]   /home/chelse/ros2_ws/build/rob599_hw2_msgs/rosidl_adapter__arguments__rob599_hw2_msgs.json
[0.872s]   --output-dir
[0.872s]   /home/chelse/ros2_ws/build/rob599_hw2_msgs/rosidl_adapter/rob599_hw2_msgs
[0.872s]   --output-file
[0.873s]   /home/chelse/ros2_ws/build/rob599_hw2_msgs/rosidl_adapter/rob599_hw2_msgs.idls)
[0.873s]   returned error code 1:
[0.873s] 
[0.873s]   Traceback (most recent call last):
[0.874s] 
[0.874s]     File "/usr/lib/python3.10/runpy.py", line 196, in _run_module_as_main
[0.874s]       return _run_code(code, main_globals, None,
[0.875s]     File "/usr/lib/python3.10/runpy.py", line 86, in _run_code
[0.876s]       exec(code, run_globals)
[0.876s]     File "/opt/ros/humble/local/lib/python3.10/dist-packages/rosidl_adapter/__main__.py", line 19, in <module>
[0.876s]       sys.exit(main())
[0.876s]     File "/opt/ros/humble/local/lib/python3.10/dist-packages/rosidl_adapter/main.py", line 53, in main
[0.877s]       abs_idl_file = convert_to_idl(
[0.877s]     File "/opt/ros/humble/local/lib/python3.10/dist-packages/rosidl_adapter/__init__.py", line 24, in convert_to_idl
[0.878s]       return convert_srv_to_idl(
[0.879s]     File "/opt/ros/humble/local/lib/python3.10/dist-packages/rosidl_adapter/srv/__init__.py", line 28, in convert_srv_to_idl
[0.879s]       srv = parse_service_string(package_name, input_file.stem, content)
[0.879s]     File "/opt/ros/humble/local/lib/python3.10/dist-packages/rosidl_adapter/parser.py", line 859, in parse_service_string
[0.879s]       request_message = parse_message_string(
[0.879s]     File "/opt/ros/humble/local/lib/python3.10/dist-packages/rosidl_adapter/parser.py", line 544, in parse_message_string
[0.880s]       msg = MessageSpecification(pkg_name, msg_name, fields, constants)
[0.880s]     File "/opt/ros/humble/local/lib/python3.10/dist-packages/rosidl_adapter/parser.py", line 388, in __init__
[0.880s]       self.base_type = BaseType(
[0.880s]     File "/opt/ros/humble/local/lib/python3.10/dist-packages/rosidl_adapter/parser.py", line 205, in __init__
[0.881s]       raise InvalidResourceName(
[0.881s] 
[0.881s]   rosidl_adapter.parser.InvalidResourceName: 'applybrakes_Request' is an
[0.882s]   invalid message name.  It should have the pattern '^[A-Z][A-Za-z0-9]*$'
[0.882s] 
[0.883s] Call Stack (most recent call first):
[0.883s]   /opt/ros/humble/share/rosidl_cmake/cmake/rosidl_generate_interfaces.cmake:130 (rosidl_adapt_interfaces)
[0.883s]   CMakeLists.txt:15 (rosidl_generate_interfaces)
[0.883s] 
[0.883s] [0m
[0.884s] -- Configuring incomplete, errors occurred!
[0.884s] See also "/home/chelse/ros2_ws/build/rob599_hw2_msgs/CMakeFiles/CMakeOutput.log".
[0.884s] gmake: *** [Makefile:226: cmake_check_build_system] Error 1
[0.980s] Invoked command in '/home/chelse/ros2_ws/build/rob599_hw2_msgs' returned '2': CMAKE_PREFIX_PATH=${CMAKE_PREFIX_PATH}:/opt/ros/humble:/home/chelse/ros2_ws/install/rob599_basic /usr/bin/cmake --build /home/chelse/ros2_ws/build/rob599_hw2_msgs -- -j12 -l12
