[0.769s] Invoking command in '/home/chelse/ros2_ws/build/rob599_hw2_msgs': CMAKE_PREFIX_PATH=${CMAKE_PREFIX_PATH}:/home/chelse/ros2_ws/install/rob599_basic:/opt/ros/humble /usr/bin/cmake --build /home/chelse/ros2_ws/build/rob599_hw2_msgs -- -j12 -l12
[0.820s] -- Found ament_cmake: 1.3.7 (/opt/ros/humble/share/ament_cmake/cmake)
[1.248s] -- Found rosidl_default_generators: 1.2.0 (/opt/ros/humble/share/rosidl_default_generators/cmake)
[1.255s] -- Using all available rosidl_typesupport_c: rosidl_typesupport_fastrtps_c;rosidl_typesupport_introspection_c
[1.265s] -- Found rosidl_adapter: 3.1.5 (/opt/ros/humble/share/rosidl_adapter/cmake)
[1.371s] -- Using all available rosidl_typesupport_cpp: rosidl_typesupport_fastrtps_cpp;rosidl_typesupport_introspection_cpp
[1.842s] [31mCMake Error at /opt/ros/humble/share/rosidl_adapter/cmake/rosidl_adapt_interfaces.cmake:59 (message):
[1.843s]   execute_process(/usr/bin/python3.10 -m rosidl_adapter --package-name
[1.843s]   rob599_hw2_msgs --arguments-file
[1.844s]   /home/chelse/ros2_ws/build/rob599_hw2_msgs/rosidl_adapter__arguments__rob599_hw2_msgs.json
[1.844s]   --output-dir
[1.845s]   /home/chelse/ros2_ws/build/rob599_hw2_msgs/rosidl_adapter/rob599_hw2_msgs
[1.846s]   --output-file
[1.846s]   /home/chelse/ros2_ws/build/rob599_hw2_msgs/rosidl_adapter/rob599_hw2_msgs.idls)
[1.847s]   returned error code 1:
[1.847s] 
[1.848s]   Traceback (most recent call last):
[1.849s] 
[1.849s]     File "/usr/lib/python3.10/runpy.py", line 196, in _run_module_as_main
[1.850s]       return _run_code(code, main_globals, None,
[1.850s]     File "/usr/lib/python3.10/runpy.py", line 86, in _run_code
[1.851s]       exec(code, run_globals)
[1.852s]     File "/opt/ros/humble/local/lib/python3.10/dist-packages/rosidl_adapter/__main__.py", line 19, in <module>
[1.852s]       sys.exit(main())
[1.853s]     File "/opt/ros/humble/local/lib/python3.10/dist-packages/rosidl_adapter/main.py", line 53, in main
[1.853s]       abs_idl_file = convert_to_idl(
[1.854s]     File "/opt/ros/humble/local/lib/python3.10/dist-packages/rosidl_adapter/__init__.py", line 24, in convert_to_idl
[1.854s]       return convert_srv_to_idl(
[1.855s]     File "/opt/ros/humble/local/lib/python3.10/dist-packages/rosidl_adapter/srv/__init__.py", line 28, in convert_srv_to_idl
[1.856s]       srv = parse_service_string(package_name, input_file.stem, content)
[1.857s]     File "/opt/ros/humble/local/lib/python3.10/dist-packages/rosidl_adapter/parser.py", line 859, in parse_service_string
[1.857s]       request_message = parse_message_string(
[1.858s]     File "/opt/ros/humble/local/lib/python3.10/dist-packages/rosidl_adapter/parser.py", line 544, in parse_message_string
[1.858s]       msg = MessageSpecification(pkg_name, msg_name, fields, constants)
[1.859s]     File "/opt/ros/humble/local/lib/python3.10/dist-packages/rosidl_adapter/parser.py", line 388, in __init__
[1.859s]       self.base_type = BaseType(
[1.859s]     File "/opt/ros/humble/local/lib/python3.10/dist-packages/rosidl_adapter/parser.py", line 205, in __init__
[1.860s]       raise InvalidResourceName(
[1.860s] 
[1.861s]   rosidl_adapter.parser.InvalidResourceName: 'apply_brakes_Request' is an
[1.861s]   invalid message name.  It should have the pattern '^[A-Z][A-Za-z0-9]*$'
[1.862s] 
[1.862s] Call Stack (most recent call first):
[1.863s]   /opt/ros/humble/share/rosidl_cmake/cmake/rosidl_generate_interfaces.cmake:130 (rosidl_adapt_interfaces)
[1.863s]   CMakeLists.txt:16 (rosidl_generate_interfaces)
[1.864s] 
[1.864s] [0m
[1.865s] -- Configuring incomplete, errors occurred!
[1.865s] See also "/home/chelse/ros2_ws/build/rob599_hw2_msgs/CMakeFiles/CMakeOutput.log".
[1.866s] gmake: *** [Makefile:226: cmake_check_build_system] Error 1
[2.094s] Invoked command in '/home/chelse/ros2_ws/build/rob599_hw2_msgs' returned '2': CMAKE_PREFIX_PATH=${CMAKE_PREFIX_PATH}:/home/chelse/ros2_ws/install/rob599_basic:/opt/ros/humble /usr/bin/cmake --build /home/chelse/ros2_ws/build/rob599_hw2_msgs -- -j12 -l12
